/work1/s183920/AutoVC
Collecting pip
  Using cached https://files.pythonhosted.org/packages/ca/31/b88ef447d595963c01060998cb329251648acf4a067721b0452c45527eb8/pip-21.2.4-py3-none-any.whl
Installing collected packages: pip
  Found existing installation: pip 18.1
    Not uninstalling pip at /appl/python/3.6.13/lib/python3.6/site-packages, outside environment /work1/s183920/AutoVC/AutoVC-env
    Can't uninstall 'pip'. No files were found to uninstall.
Successfully installed pip-21.2.4
Requirement already satisfied: torch==1.4.0 in ./AutoVC-env/lib/python3.6/site-packages (from -r requirements.txt (line 1)) (1.4.0)
Requirement already satisfied: torchvision==0.5.0 in ./AutoVC-env/lib/python3.6/site-packages (from -r requirements.txt (line 2)) (0.5.0)
Requirement already satisfied: sklearn in ./AutoVC-env/lib/python3.6/site-packages (from -r requirements.txt (line 3)) (0.0)
Requirement already satisfied: tqdm in ./AutoVC-env/lib/python3.6/site-packages (from -r requirements.txt (line 4)) (4.62.3)
Requirement already satisfied: librosa in ./AutoVC-env/lib/python3.6/site-packages (from -r requirements.txt (line 5)) (0.8.1)
Requirement already satisfied: webrtcvad in ./AutoVC-env/lib/python3.6/site-packages (from -r requirements.txt (line 6)) (2.0.10)
Requirement already satisfied: scipy in ./AutoVC-env/lib/python3.6/site-packages (from -r requirements.txt (line 7)) (1.5.4)
Requirement already satisfied: matplotlib in ./AutoVC-env/lib/python3.6/site-packages (from -r requirements.txt (line 8)) (3.3.4)
Requirement already satisfied: pandas in ./AutoVC-env/lib/python3.6/site-packages (from -r requirements.txt (line 9)) (1.1.5)
Requirement already satisfied: seaborn in ./AutoVC-env/lib/python3.6/site-packages (from -r requirements.txt (line 10)) (0.11.2)
Requirement already satisfied: wavenet_vocoder in ./AutoVC-env/lib/python3.6/site-packages (from -r requirements.txt (line 11)) (0.1.1)
Requirement already satisfied: numba==0.49.1 in ./AutoVC-env/lib/python3.6/site-packages (from -r requirements.txt (line 12)) (0.49.1)
Requirement already satisfied: appdirs in /appl/python/3.6.13/lib/python3.6/site-packages (from -r requirements.txt (line 13)) (1.4.4)
Requirement already satisfied: numpy in ./AutoVC-env/lib/python3.6/site-packages (from torchvision==0.5.0->-r requirements.txt (line 2)) (1.19.5)
Requirement already satisfied: six in /appl/python/3.6.13/lib/python3.6/site-packages (from torchvision==0.5.0->-r requirements.txt (line 2)) (1.15.0)
Requirement already satisfied: pillow>=4.1.1 in ./AutoVC-env/lib/python3.6/site-packages (from torchvision==0.5.0->-r requirements.txt (line 2)) (8.3.2)
Requirement already satisfied: scikit-learn in ./AutoVC-env/lib/python3.6/site-packages (from sklearn->-r requirements.txt (line 3)) (0.24.2)
Requirement already satisfied: soundfile>=0.10.2 in ./AutoVC-env/lib/python3.6/site-packages (from librosa->-r requirements.txt (line 5)) (0.10.3.post1)
Requirement already satisfied: resampy>=0.2.2 in ./AutoVC-env/lib/python3.6/site-packages (from librosa->-r requirements.txt (line 5)) (0.2.2)
Requirement already satisfied: packaging>=20.0 in ./AutoVC-env/lib/python3.6/site-packages (from librosa->-r requirements.txt (line 5)) (21.0)
Requirement already satisfied: audioread>=2.0.0 in ./AutoVC-env/lib/python3.6/site-packages (from librosa->-r requirements.txt (line 5)) (2.1.9)
Requirement already satisfied: decorator>=3.0.0 in ./AutoVC-env/lib/python3.6/site-packages (from librosa->-r requirements.txt (line 5)) (5.1.0)
Requirement already satisfied: joblib>=0.14 in ./AutoVC-env/lib/python3.6/site-packages (from librosa->-r requirements.txt (line 5)) (1.0.1)
Requirement already satisfied: pooch>=1.0 in ./AutoVC-env/lib/python3.6/site-packages (from librosa->-r requirements.txt (line 5)) (1.5.1)
Requirement already satisfied: kiwisolver>=1.0.1 in ./AutoVC-env/lib/python3.6/site-packages (from matplotlib->-r requirements.txt (line 8)) (1.3.1)
Requirement already satisfied: pyparsing!=2.0.4,!=2.1.2,!=2.1.6,>=2.0.3 in ./AutoVC-env/lib/python3.6/site-packages (from matplotlib->-r requirements.txt (line 8)) (2.4.7)
Requirement already satisfied: python-dateutil>=2.1 in ./AutoVC-env/lib/python3.6/site-packages (from matplotlib->-r requirements.txt (line 8)) (2.8.2)
Requirement already satisfied: cycler>=0.10 in ./AutoVC-env/lib/python3.6/site-packages (from matplotlib->-r requirements.txt (line 8)) (0.10.0)
Requirement already satisfied: pytz>=2017.2 in ./AutoVC-env/lib/python3.6/site-packages (from pandas->-r requirements.txt (line 9)) (2021.3)
Requirement already satisfied: llvmlite<=0.33.0.dev0,>=0.31.0.dev0 in ./AutoVC-env/lib/python3.6/site-packages (from numba==0.49.1->-r requirements.txt (line 12)) (0.32.1)
Requirement already satisfied: setuptools in /appl/python/3.6.13/lib/python3.6/site-packages (from numba==0.49.1->-r requirements.txt (line 12)) (40.6.2)
Requirement already satisfied: threadpoolctl>=2.0.0 in ./AutoVC-env/lib/python3.6/site-packages (from scikit-learn->sklearn->-r requirements.txt (line 3)) (3.0.0)
Requirement already satisfied: cffi>=1.0 in ./AutoVC-env/lib/python3.6/site-packages (from soundfile>=0.10.2->librosa->-r requirements.txt (line 5)) (1.14.6)
Requirement already satisfied: requests in ./AutoVC-env/lib/python3.6/site-packages (from pooch>=1.0->librosa->-r requirements.txt (line 5)) (2.26.0)
Requirement already satisfied: pycparser in ./AutoVC-env/lib/python3.6/site-packages (from cffi>=1.0->soundfile>=0.10.2->librosa->-r requirements.txt (line 5)) (2.20)
Requirement already satisfied: charset-normalizer~=2.0.0; python_version >= "3" in ./AutoVC-env/lib/python3.6/site-packages (from requests->pooch>=1.0->librosa->-r requirements.txt (line 5)) (2.0.6)
Requirement already satisfied: urllib3<1.27,>=1.21.1 in ./AutoVC-env/lib/python3.6/site-packages (from requests->pooch>=1.0->librosa->-r requirements.txt (line 5)) (1.26.7)
Requirement already satisfied: idna<4,>=2.5; python_version >= "3" in ./AutoVC-env/lib/python3.6/site-packages (from requests->pooch>=1.0->librosa->-r requirements.txt (line 5)) (3.2)
Requirement already satisfied: certifi>=2017.4.17 in ./AutoVC-env/lib/python3.6/site-packages (from requests->pooch>=1.0->librosa->-r requirements.txt (line 5)) (2021.5.30)
/work1/s183920/AutoVC/run_scripts
Hej flotte

             .-^^^-.
            /                   \       /
     .-^^^-.-`.-.-.<  _
    /      _,-\ O_O-_/ )  ~champagne, monsieur?
    \     / ,  `   . `|
     '-..-| \-.,__~ ~ /          .,
           \ `-.__/  /          /"/
          / `-.__.-\`-._    ,",' ;
         / /|    ___\-._`-.; /  ./-.  
        ( ( |.-"`   `'\ '-( /  //.-' 
         \ \/    {}{}  |   /-. /.-'
          \|           /   '..' 
           \        , /
           ( __`;-;'__`)
           `//'`   `||`
          _//       ||
  .-"-._,(__)     .(__).-""-.
 /          \    /            \          /    \           /
  `'-------`      `--------'`
                    
Loaded encoder "Models/SpeakerEncoder/SpeakerEncoder.pt" trained to step 1564501
Train Script started on cuda ...
Number of wav files: 834
Creating Speaker Embeddings...
Creating Mel Spectrograms...
Training beginning on Tesla V100-PCIE-16GB
Saving the model (step 20850)
